app/build/outputs/logs/manifest-merger-debug-report.txt
-- Merging decision tree log ---
manifest
ADDED from src\main\AndroidManifest.xml:2:1-24:12
	package
		ADDED from src\main\AndroidManifest.xml:3:7-33
		INJECTED from src\main\AndroidManifest.xml
		INJECTED from src\main\AndroidManifest.xml
	android:versionName
		ADDED from src\main\AndroidManifest.xml:4:31-56
		INJECTED from src\main\AndroidManifest.xml
		INJECTED from src\main\AndroidManifest.xml
	android:versionCode
		ADDED from src\main\AndroidManifest.xml:4:7-30
		INJECTED from src\main\AndroidManifest.xml
		INJECTED from src\main\AndroidManifest.xml
	xmlns:android
		ADDED from src\main\AndroidManifest.xml:2:11-69
application
ADDED from src\main\AndroidManifest.xml:5:5-18:15
	android:label
		ADDED from src\main\AndroidManifest.xml:5:50-82
	android:icon
		ADDED from src\main\AndroidManifest.xml:5:18-49
activity#peacemoon.andict.Andict
ADDED from src\main\AndroidManifest.xml:6:9-12:20
	android:label
		ADDED from src\main\AndroidManifest.xml:7:19-51
	android:launchMode
		ADDED from src\main\AndroidManifest.xml:7:52-81
	android:name
		ADDED from src\main\AndroidManifest.xml:6:19-41
intent-filter#android.intent.action.MAIN+android.intent.category.LAUNCHER
ADDED from src\main\AndroidManifest.xml:8:13-11:29
action#android.intent.action.MAIN
ADDED from src\main\AndroidManifest.xml:9:17-69
	android:name
		ADDED from src\main\AndroidManifest.xml:9:25-66
category#android.intent.category.LAUNCHER
ADDED from src\main\AndroidManifest.xml:10:17-77
	android:name
		ADDED from src\main\AndroidManifest.xml:10:27-74
activity#peacemoon.andict.ContentView
ADDED from src\main\AndroidManifest.xml:13:6-55
	android:name
		ADDED from src\main\AndroidManifest.xml:13:16-43
provider#peacemoon.andict.AndictProvider
ADDED from src\main\AndroidManifest.xml:14:3-108
	android:authorities
		ADDED from src\main\AndroidManifest.xml:14:43-96
	android:name
		ADDED from src\main\AndroidManifest.xml:14:13-42
activity#peacemoon.andict.MainPreferenceActivity
ADDED from src\main\AndroidManifest.xml:15:2-95
	android:label
		ADDED from src\main\AndroidManifest.xml:15:51-83
	android:name
		ADDED from src\main\AndroidManifest.xml:15:12-50
activity#peacemoon.andict.GoogleTranslateActivity
ADDED from src\main\AndroidManifest.xml:16:2-107
	android:label
		ADDED from src\main\AndroidManifest.xml:16:52-95
	android:name
		ADDED from src\main\AndroidManifest.xml:16:12-51
activity#peacemoon.andict.HistoryView
ADDED from src\main\AndroidManifest.xml:17:1-50
	android:name
		ADDED from src\main\AndroidManifest.xml:17:11-38
uses-permission#android.permission.INTERNET
ADDED from src\main\AndroidManifest.xml:20:2-80
	android:name
		ADDED from src\main\AndroidManifest.xml:20:19-61
uses-sdk
ADDED from src\main\AndroidManifest.xml:21:5-43
	android:targetSdkVersion
		INJECTED from src\main\AndroidManifest.xml
		INJECTED from src\main\AndroidManifest.xml
	android:minSdkVersion
		ADDED from src\main\AndroidManifest.xml:21:15-40
		INJECTED from src\main\AndroidManifest.xml
		INJECTED from src\main\AndroidManifest.xml
uses-permission#android.permission.WAKE_LOCK
ADDED from src\main\AndroidManifest.xml:23:1-80
	android:name
		ADDED from src\main\AndroidManifest.xml:23:18-61